2025-05-07 20:00:38,188{GMT}	INFO	[jepsen test runner] jepsen.core: Test version 95a683435f6924d6fc393f56383af6ba230d40dd (plus uncommitted changes)
2025-05-07 20:00:38,188{GMT}	INFO	[jepsen test runner] jepsen.core: Command line:
lein run test -w echo --bin ./maelstrom-echo/maelstrom-echo --node-count 1 --time-limit 10
2025-05-07 20:00:38,213{GMT}	INFO	[jepsen test runner] jepsen.core: Running test:
{:args []
 :remote
 #jepsen.control.retry.Remote{:remote #jepsen.control.scp.Remote{:cmd-remote #jepsen.control.sshj.SSHJRemote{:concurrency-limit 6,
                                                                                                             :conn-spec nil,
                                                                                                             :client nil,
                                                                                                             :semaphore nil},
                                                                 :conn-spec nil},
                              :conn nil}
 :log-net-send false
 :node-count 1
 :availability nil
 :max-txn-length 4
 :concurrency 1
 :db
 #object[maelstrom.db$db$reify__16142
         "0x2110b756"
         "maelstrom.db$db$reify__16142@2110b756"]
 :max-writes-per-key 16
 :leave-db-running? false
 :name "echo"
 :logging-json? false
 :start-time
 #object[org.joda.time.DateTime "0x27d6ff8c" "2025-05-07T20:00:38.166-07:00"]
 :nemesis-interval 10
 :net
 #object[maelstrom.net$jepsen_net$reify__15251
         "0x105c253a"
         "maelstrom.net$jepsen_net$reify__15251@105c253a"]
 :client
 #object[maelstrom.workload.echo$client$reify__16863
         "0x156322ce"
         "maelstrom.workload.echo$client$reify__16863@156322ce"]
 :barrier
 #object[java.util.concurrent.CyclicBarrier
         "0x546f0f36"
         "java.util.concurrent.CyclicBarrier@546f0f36"]
 :log-stderr false
 :pure-generators true
 :ssh {:dummy? true}
 :rate 5
 :checker
 #object[jepsen.checker$compose$reify__11881
         "0x44d5a0a8"
         "jepsen.checker$compose$reify__11881@44d5a0a8"]
 :argv
 ("test"
  "-w"
  "echo"
  "--bin"
  "./maelstrom-echo/maelstrom-echo"
  "--node-count"
  "1"
  "--time-limit"
  "10")
 :nemesis
 (jepsen.nemesis.ReflCompose
  {:fm {:start-partition 0,
        :stop-partition 0,
        :kill 1,
        :start 1,
        :pause 1,
        :resume 1},
   :nemeses [#unprintable "jepsen.nemesis.combined$partition_nemesis$reify__16416@35d128fd"
             #unprintable "jepsen.nemesis.combined$db_nemesis$reify__16397@39a809db"]})
 :nodes ["n0"]
 :test-count 1
 :latency {:mean 0, :dist :constant}
 :bin "./maelstrom-echo/maelstrom-echo"
 :generator
 (jepsen.generator.TimeLimit
  {:limit 10000000000,
   :cutoff nil,
   :gen (jepsen.generator.Any
         {:gens [(jepsen.generator.OnThreads
                  {:f #{:nemesis},
                   :context-filter #object[jepsen.generator.context$make_thread_filter$lazy_filter__9167
                                           "0x207bf6d8"
                                           "jepsen.generator.context$make_thread_filter$lazy_filter__9167@207bf6d8"],
                   :gen nil})
                 (jepsen.generator.OnThreads
                  {:f #jepsen.generator.context.AllBut{:element :nemesis},
                   :context-filter #object[jepsen.generator.context$make_thread_filter$lazy_filter__9167
                                           "0x5cdb7b"
                                           "jepsen.generator.context$make_thread_filter$lazy_filter__9167@5cdb7b"],
                   :gen (jepsen.generator.Stagger
                         {:dt 400000000,
                          :next-time nil,
                          :gen (jepsen.generator.EachThread
                                {:fresh-gen #object[maelstrom.workload.echo$workload$fn__16882
                                                    "0x3dcc59f5"
                                                    "maelstrom.workload.echo$workload$fn__16882@3dcc59f5"],
                                 :context-filters #object[clojure.core$promise$reify__8591
                                                          "0x16b1dee7"
                                                          {:status :pending,
                                                           :val nil}],
                                 :gens {}})})})]})})
 :log-net-recv false
 :os
 #object[maelstrom.net$jepsen_os$reify__15254
         "0x690337df"
         "maelstrom.net$jepsen_os$reify__15254@690337df"]
 :time-limit 10
 :workload :echo
 :consistency-models [:strict-serializable]
 :topology :grid}

2025-05-07 20:00:38,836{GMT}	INFO	[jepsen node n0] maelstrom.net: Starting Maelstrom network
2025-05-07 20:00:38,837{GMT}	INFO	[jepsen test runner] jepsen.db: Tearing down DB
2025-05-07 20:00:38,838{GMT}	INFO	[jepsen test runner] jepsen.db: Setting up DB
2025-05-07 20:00:38,838{GMT}	INFO	[jepsen node n0] maelstrom.service: Starting services: (lin-kv lin-tso lww-kv seq-kv)
2025-05-07 20:00:38,839{GMT}	INFO	[jepsen node n0] maelstrom.db: Setting up n0
2025-05-07 20:00:38,839{GMT}	INFO	[jepsen node n0] maelstrom.process: launching ./maelstrom-echo/maelstrom-echo []
2025-05-07 20:00:39,027{GMT}	INFO	[jepsen test runner] jepsen.core: Relative time begins now
2025-05-07 20:00:39,038{GMT}	INFO	[jepsen worker 0] jepsen.util: 0	:invoke	:echo	"Please echo 19"
2025-05-07 20:00:39,042{GMT}	INFO	[jepsen worker 0] jepsen.util: 0	:ok	:echo	{:echo "Please echo 19", :in_reply_to 1, :msg_id 1, :type "echo_ok"}
2025-05-07 20:00:39,192{GMT}	INFO	[jepsen worker 0] jepsen.util: 0	:invoke	:echo	"Please echo 75"
2025-05-07 20:00:39,194{GMT}	INFO	[jepsen worker 0] jepsen.util: 0	:ok	:echo	{:echo "Please echo 75", :in_reply_to 2, :msg_id 2, :type "echo_ok"}
2025-05-07 20:00:39,198{GMT}	INFO	[jepsen worker 0] jepsen.util: 0	:invoke	:echo	"Please echo 107"
2025-05-07 20:00:39,199{GMT}	INFO	[jepsen worker 0] jepsen.util: 0	:ok	:echo	{:echo "Please echo 107", :in_reply_to 3, :msg_id 3, :type "echo_ok"}
2025-05-07 20:00:39,345{GMT}	INFO	[jepsen worker 0] jepsen.util: 0	:invoke	:echo	"Please echo 69"
2025-05-07 20:00:39,349{GMT}	INFO	[jepsen worker 0] jepsen.util: 0	:ok	:echo	{:echo "Please echo 69", :in_reply_to 4, :msg_id 4, :type "echo_ok"}
2025-05-07 20:00:39,646{GMT}	INFO	[jepsen worker 0] jepsen.util: 0	:invoke	:echo	"Please echo 91"
2025-05-07 20:00:39,649{GMT}	INFO	[jepsen worker 0] jepsen.util: 0	:ok	:echo	{:echo "Please echo 91", :in_reply_to 5, :msg_id 5, :type "echo_ok"}
2025-05-07 20:00:39,917{GMT}	INFO	[jepsen worker 0] jepsen.util: 0	:invoke	:echo	"Please echo 31"
2025-05-07 20:00:39,920{GMT}	INFO	[jepsen worker 0] jepsen.util: 0	:ok	:echo	{:echo "Please echo 31", :in_reply_to 6, :msg_id 6, :type "echo_ok"}
2025-05-07 20:00:40,320{GMT}	INFO	[jepsen worker 0] jepsen.util: 0	:invoke	:echo	"Please echo 55"
2025-05-07 20:00:40,322{GMT}	INFO	[jepsen worker 0] jepsen.util: 0	:ok	:echo	{:echo "Please echo 55", :in_reply_to 7, :msg_id 7, :type "echo_ok"}
2025-05-07 20:00:40,378{GMT}	INFO	[jepsen worker 0] jepsen.util: 0	:invoke	:echo	"Please echo 3"
2025-05-07 20:00:40,380{GMT}	INFO	[jepsen worker 0] jepsen.util: 0	:ok	:echo	{:echo "Please echo 3", :in_reply_to 8, :msg_id 8, :type "echo_ok"}
2025-05-07 20:00:40,437{GMT}	INFO	[jepsen worker 0] jepsen.util: 0	:invoke	:echo	"Please echo 48"
2025-05-07 20:00:40,438{GMT}	INFO	[jepsen worker 0] jepsen.util: 0	:ok	:echo	{:echo "Please echo 48", :in_reply_to 9, :msg_id 9, :type "echo_ok"}
2025-05-07 20:00:40,557{GMT}	INFO	[jepsen worker 0] jepsen.util: 0	:invoke	:echo	"Please echo 38"
2025-05-07 20:00:40,558{GMT}	INFO	[jepsen worker 0] jepsen.util: 0	:ok	:echo	{:echo "Please echo 38", :in_reply_to 10, :msg_id 10, :type "echo_ok"}
2025-05-07 20:00:40,682{GMT}	INFO	[jepsen worker 0] jepsen.util: 0	:invoke	:echo	"Please echo 71"
2025-05-07 20:00:40,683{GMT}	INFO	[jepsen worker 0] jepsen.util: 0	:ok	:echo	{:echo "Please echo 71", :in_reply_to 11, :msg_id 11, :type "echo_ok"}
2025-05-07 20:00:40,931{GMT}	INFO	[jepsen worker 0] jepsen.util: 0	:invoke	:echo	"Please echo 38"
2025-05-07 20:00:40,932{GMT}	INFO	[jepsen worker 0] jepsen.util: 0	:ok	:echo	{:echo "Please echo 38", :in_reply_to 12, :msg_id 12, :type "echo_ok"}
2025-05-07 20:00:41,337{GMT}	INFO	[jepsen worker 0] jepsen.util: 0	:invoke	:echo	"Please echo 59"
2025-05-07 20:00:41,340{GMT}	INFO	[jepsen worker 0] jepsen.util: 0	:ok	:echo	{:echo "Please echo 59", :in_reply_to 13, :msg_id 13, :type "echo_ok"}
2025-05-07 20:00:41,400{GMT}	INFO	[jepsen worker 0] jepsen.util: 0	:invoke	:echo	"Please echo 118"
2025-05-07 20:00:41,402{GMT}	INFO	[jepsen worker 0] jepsen.util: 0	:ok	:echo	{:echo "Please echo 118", :in_reply_to 14, :msg_id 14, :type "echo_ok"}
2025-05-07 20:00:41,656{GMT}	INFO	[jepsen worker 0] jepsen.util: 0	:invoke	:echo	"Please echo 35"
2025-05-07 20:00:41,659{GMT}	INFO	[jepsen worker 0] jepsen.util: 0	:ok	:echo	{:echo "Please echo 35", :in_reply_to 15, :msg_id 15, :type "echo_ok"}
2025-05-07 20:00:41,932{GMT}	INFO	[jepsen worker 0] jepsen.util: 0	:invoke	:echo	"Please echo 16"
2025-05-07 20:00:41,935{GMT}	INFO	[jepsen worker 0] jepsen.util: 0	:ok	:echo	{:echo "Please echo 16", :in_reply_to 16, :msg_id 16, :type "echo_ok"}
2025-05-07 20:00:42,327{GMT}	INFO	[jepsen worker 0] jepsen.util: 0	:invoke	:echo	"Please echo 77"
2025-05-07 20:00:42,330{GMT}	INFO	[jepsen worker 0] jepsen.util: 0	:ok	:echo	{:echo "Please echo 77", :in_reply_to 17, :msg_id 17, :type "echo_ok"}
2025-05-07 20:00:42,543{GMT}	INFO	[jepsen worker 0] jepsen.util: 0	:invoke	:echo	"Please echo 105"
2025-05-07 20:00:42,546{GMT}	INFO	[jepsen worker 0] jepsen.util: 0	:ok	:echo	{:echo "Please echo 105", :in_reply_to 18, :msg_id 18, :type "echo_ok"}
2025-05-07 20:00:42,612{GMT}	INFO	[jepsen worker 0] jepsen.util: 0	:invoke	:echo	"Please echo 102"
2025-05-07 20:00:42,614{GMT}	INFO	[jepsen worker 0] jepsen.util: 0	:ok	:echo	{:echo "Please echo 102", :in_reply_to 19, :msg_id 19, :type "echo_ok"}
2025-05-07 20:00:42,864{GMT}	INFO	[jepsen worker 0] jepsen.util: 0	:invoke	:echo	"Please echo 65"
2025-05-07 20:00:42,867{GMT}	INFO	[jepsen worker 0] jepsen.util: 0	:ok	:echo	{:echo "Please echo 65", :in_reply_to 20, :msg_id 20, :type "echo_ok"}
2025-05-07 20:00:43,207{GMT}	INFO	[jepsen worker 0] jepsen.util: 0	:invoke	:echo	"Please echo 83"
2025-05-07 20:00:43,210{GMT}	INFO	[jepsen worker 0] jepsen.util: 0	:ok	:echo	{:echo "Please echo 83", :in_reply_to 21, :msg_id 21, :type "echo_ok"}
2025-05-07 20:00:43,328{GMT}	INFO	[jepsen worker 0] jepsen.util: 0	:invoke	:echo	"Please echo 101"
2025-05-07 20:00:43,331{GMT}	INFO	[jepsen worker 0] jepsen.util: 0	:ok	:echo	{:echo "Please echo 101", :in_reply_to 22, :msg_id 22, :type "echo_ok"}
2025-05-07 20:00:43,518{GMT}	INFO	[jepsen worker 0] jepsen.util: 0	:invoke	:echo	"Please echo 56"
2025-05-07 20:00:43,521{GMT}	INFO	[jepsen worker 0] jepsen.util: 0	:ok	:echo	{:echo "Please echo 56", :in_reply_to 23, :msg_id 23, :type "echo_ok"}
2025-05-07 20:00:43,746{GMT}	INFO	[jepsen worker 0] jepsen.util: 0	:invoke	:echo	"Please echo 25"
2025-05-07 20:00:43,750{GMT}	INFO	[jepsen worker 0] jepsen.util: 0	:ok	:echo	{:echo "Please echo 25", :in_reply_to 24, :msg_id 24, :type "echo_ok"}
2025-05-07 20:00:43,988{GMT}	INFO	[jepsen worker 0] jepsen.util: 0	:invoke	:echo	"Please echo 46"
2025-05-07 20:00:43,990{GMT}	INFO	[jepsen worker 0] jepsen.util: 0	:ok	:echo	{:echo "Please echo 46", :in_reply_to 25, :msg_id 25, :type "echo_ok"}
2025-05-07 20:00:44,297{GMT}	INFO	[jepsen worker 0] jepsen.util: 0	:invoke	:echo	"Please echo 116"
2025-05-07 20:00:44,300{GMT}	INFO	[jepsen worker 0] jepsen.util: 0	:ok	:echo	{:echo "Please echo 116", :in_reply_to 26, :msg_id 26, :type "echo_ok"}
2025-05-07 20:00:44,570{GMT}	INFO	[jepsen worker 0] jepsen.util: 0	:invoke	:echo	"Please echo 64"
2025-05-07 20:00:44,573{GMT}	INFO	[jepsen worker 0] jepsen.util: 0	:ok	:echo	{:echo "Please echo 64", :in_reply_to 27, :msg_id 27, :type "echo_ok"}
2025-05-07 20:00:44,953{GMT}	INFO	[jepsen worker 0] jepsen.util: 0	:invoke	:echo	"Please echo 74"
2025-05-07 20:00:44,956{GMT}	INFO	[jepsen worker 0] jepsen.util: 0	:ok	:echo	{:echo "Please echo 74", :in_reply_to 28, :msg_id 28, :type "echo_ok"}
2025-05-07 20:00:45,343{GMT}	INFO	[jepsen worker 0] jepsen.util: 0	:invoke	:echo	"Please echo 110"
2025-05-07 20:00:45,346{GMT}	INFO	[jepsen worker 0] jepsen.util: 0	:ok	:echo	{:echo "Please echo 110", :in_reply_to 29, :msg_id 29, :type "echo_ok"}
2025-05-07 20:00:45,681{GMT}	INFO	[jepsen worker 0] jepsen.util: 0	:invoke	:echo	"Please echo 62"
2025-05-07 20:00:45,684{GMT}	INFO	[jepsen worker 0] jepsen.util: 0	:ok	:echo	{:echo "Please echo 62", :in_reply_to 30, :msg_id 30, :type "echo_ok"}
2025-05-07 20:00:45,698{GMT}	INFO	[jepsen worker 0] jepsen.util: 0	:invoke	:echo	"Please echo 47"
2025-05-07 20:00:45,700{GMT}	INFO	[jepsen worker 0] jepsen.util: 0	:ok	:echo	{:echo "Please echo 47", :in_reply_to 31, :msg_id 31, :type "echo_ok"}
2025-05-07 20:00:45,890{GMT}	INFO	[jepsen worker 0] jepsen.util: 0	:invoke	:echo	"Please echo 42"
2025-05-07 20:00:45,892{GMT}	INFO	[jepsen worker 0] jepsen.util: 0	:ok	:echo	{:echo "Please echo 42", :in_reply_to 32, :msg_id 32, :type "echo_ok"}
2025-05-07 20:00:46,066{GMT}	INFO	[jepsen worker 0] jepsen.util: 0	:invoke	:echo	"Please echo 23"
2025-05-07 20:00:46,069{GMT}	INFO	[jepsen worker 0] jepsen.util: 0	:ok	:echo	{:echo "Please echo 23", :in_reply_to 33, :msg_id 33, :type "echo_ok"}
2025-05-07 20:00:46,465{GMT}	INFO	[jepsen worker 0] jepsen.util: 0	:invoke	:echo	"Please echo 24"
2025-05-07 20:00:46,468{GMT}	INFO	[jepsen worker 0] jepsen.util: 0	:ok	:echo	{:echo "Please echo 24", :in_reply_to 34, :msg_id 34, :type "echo_ok"}
2025-05-07 20:00:46,586{GMT}	INFO	[jepsen worker 0] jepsen.util: 0	:invoke	:echo	"Please echo 25"
2025-05-07 20:00:46,589{GMT}	INFO	[jepsen worker 0] jepsen.util: 0	:ok	:echo	{:echo "Please echo 25", :in_reply_to 35, :msg_id 35, :type "echo_ok"}
2025-05-07 20:00:46,780{GMT}	INFO	[jepsen worker 0] jepsen.util: 0	:invoke	:echo	"Please echo 19"
2025-05-07 20:00:46,782{GMT}	INFO	[jepsen worker 0] jepsen.util: 0	:ok	:echo	{:echo "Please echo 19", :in_reply_to 36, :msg_id 36, :type "echo_ok"}
2025-05-07 20:00:46,835{GMT}	INFO	[jepsen worker 0] jepsen.util: 0	:invoke	:echo	"Please echo 58"
2025-05-07 20:00:46,836{GMT}	INFO	[jepsen worker 0] jepsen.util: 0	:ok	:echo	{:echo "Please echo 58", :in_reply_to 37, :msg_id 37, :type "echo_ok"}
2025-05-07 20:00:46,994{GMT}	INFO	[jepsen worker 0] jepsen.util: 0	:invoke	:echo	"Please echo 112"
2025-05-07 20:00:46,996{GMT}	INFO	[jepsen worker 0] jepsen.util: 0	:ok	:echo	{:echo "Please echo 112", :in_reply_to 38, :msg_id 38, :type "echo_ok"}
2025-05-07 20:00:47,024{GMT}	INFO	[jepsen worker 0] jepsen.util: 0	:invoke	:echo	"Please echo 93"
2025-05-07 20:00:47,026{GMT}	INFO	[jepsen worker 0] jepsen.util: 0	:ok	:echo	{:echo "Please echo 93", :in_reply_to 39, :msg_id 39, :type "echo_ok"}
2025-05-07 20:00:47,410{GMT}	INFO	[jepsen worker 0] jepsen.util: 0	:invoke	:echo	"Please echo 46"
2025-05-07 20:00:47,413{GMT}	INFO	[jepsen worker 0] jepsen.util: 0	:ok	:echo	{:echo "Please echo 46", :in_reply_to 40, :msg_id 40, :type "echo_ok"}
2025-05-07 20:00:47,607{GMT}	INFO	[jepsen worker 0] jepsen.util: 0	:invoke	:echo	"Please echo 60"
2025-05-07 20:00:47,610{GMT}	INFO	[jepsen worker 0] jepsen.util: 0	:ok	:echo	{:echo "Please echo 60", :in_reply_to 41, :msg_id 41, :type "echo_ok"}
2025-05-07 20:00:47,662{GMT}	INFO	[jepsen worker 0] jepsen.util: 0	:invoke	:echo	"Please echo 0"
2025-05-07 20:00:47,664{GMT}	INFO	[jepsen worker 0] jepsen.util: 0	:ok	:echo	{:echo "Please echo 0", :in_reply_to 42, :msg_id 42, :type "echo_ok"}
2025-05-07 20:00:47,936{GMT}	INFO	[jepsen worker 0] jepsen.util: 0	:invoke	:echo	"Please echo 49"
2025-05-07 20:00:47,939{GMT}	INFO	[jepsen worker 0] jepsen.util: 0	:ok	:echo	{:echo "Please echo 49", :in_reply_to 43, :msg_id 43, :type "echo_ok"}
2025-05-07 20:00:48,145{GMT}	INFO	[jepsen worker 0] jepsen.util: 0	:invoke	:echo	"Please echo 58"
2025-05-07 20:00:48,149{GMT}	INFO	[jepsen worker 0] jepsen.util: 0	:ok	:echo	{:echo "Please echo 58", :in_reply_to 44, :msg_id 44, :type "echo_ok"}
2025-05-07 20:00:48,311{GMT}	INFO	[jepsen worker 0] jepsen.util: 0	:invoke	:echo	"Please echo 90"
2025-05-07 20:00:48,314{GMT}	INFO	[jepsen worker 0] jepsen.util: 0	:ok	:echo	{:echo "Please echo 90", :in_reply_to 45, :msg_id 45, :type "echo_ok"}
2025-05-07 20:00:48,435{GMT}	INFO	[jepsen worker 0] jepsen.util: 0	:invoke	:echo	"Please echo 97"
2025-05-07 20:00:48,437{GMT}	INFO	[jepsen worker 0] jepsen.util: 0	:ok	:echo	{:echo "Please echo 97", :in_reply_to 46, :msg_id 46, :type "echo_ok"}
2025-05-07 20:00:48,747{GMT}	INFO	[jepsen worker 0] jepsen.util: 0	:invoke	:echo	"Please echo 76"
2025-05-07 20:00:48,750{GMT}	INFO	[jepsen worker 0] jepsen.util: 0	:ok	:echo	{:echo "Please echo 76", :in_reply_to 47, :msg_id 47, :type "echo_ok"}
2025-05-07 20:00:48,764{GMT}	INFO	[jepsen test runner] jepsen.core: Run complete, writing
2025-05-07 20:00:48,795{GMT}	INFO	[jepsen node n0] maelstrom.db: Tearing down n0
2025-05-07 20:00:49,889{GMT}	INFO	[jepsen node n0] maelstrom.net: Shutting down Maelstrom network
2025-05-07 20:00:49,890{GMT}	INFO	[jepsen test runner] jepsen.core: Analyzing...
2025-05-07 20:00:54,679{GMT}	INFO	[jepsen test runner] jepsen.core: Analysis complete
2025-05-07 20:00:54,684{GMT}	INFO	[jepsen results] jepsen.store: Wrote /Users/davidriva/Desktop/Coding-Projects/Distributed-Systems-in-Go/store/echo/20250507T200038.166-0700/results.edn
2025-05-07 20:00:54,707{GMT}	INFO	[jepsen test runner] jepsen.core: {:perf {:latency-graph {:valid? true},
        :rate-graph {:valid? true},
        :valid? true},
 :timeline {:valid? true},
 :exceptions {:valid? true},
 :stats {:valid? true,
         :count 47,
         :ok-count 47,
         :fail-count 0,
         :info-count 0,
         :by-f {:echo {:valid? true,
                       :count 47,
                       :ok-count 47,
                       :fail-count 0,
                       :info-count 0}}},
 :availability {:valid? true, :ok-fraction 1.0},
 :net {:all {:send-count 96,
             :recv-count 96,
             :msg-count 96,
             :msgs-per-op 2.0425532},
       :clients {:send-count 96, :recv-count 96, :msg-count 96},
       :servers {:send-count 0,
                 :recv-count 0,
                 :msg-count 0,
                 :msgs-per-op 0.0},
       :valid? true},
 :workload {:valid? true, :errors ()},
 :valid? true}


Everything looks good! ヽ(‘ー`)ノ
