2025-05-07 19:58:33,045{GMT}	INFO	[jepsen test runner] jepsen.core: Test version 95a683435f6924d6fc393f56383af6ba230d40dd (plus uncommitted changes)
2025-05-07 19:58:33,046{GMT}	INFO	[jepsen test runner] jepsen.core: Command line:
lein run test -w echo --bin ./maelstrom-echo --node-count 1 --time-limit 10
2025-05-07 19:58:33,074{GMT}	INFO	[jepsen test runner] jepsen.core: Running test:
{:args []
 :remote
 #jepsen.control.retry.Remote{:remote #jepsen.control.scp.Remote{:cmd-remote #jepsen.control.sshj.SSHJRemote{:concurrency-limit 6,
                                                                                                             :conn-spec nil,
                                                                                                             :client nil,
                                                                                                             :semaphore nil},
                                                                 :conn-spec nil},
                              :conn nil}
 :log-net-send false
 :node-count 1
 :availability nil
 :max-txn-length 4
 :concurrency 1
 :db
 #object[maelstrom.db$db$reify__16142
         "0x33e09baf"
         "maelstrom.db$db$reify__16142@33e09baf"]
 :max-writes-per-key 16
 :leave-db-running? false
 :name "echo"
 :logging-json? false
 :start-time
 #object[org.joda.time.DateTime "0x105c253a" "2025-05-07T19:58:33.021-07:00"]
 :nemesis-interval 10
 :net
 #object[maelstrom.net$jepsen_net$reify__15251
         "0x156322ce"
         "maelstrom.net$jepsen_net$reify__15251@156322ce"]
 :client
 #object[maelstrom.workload.echo$client$reify__16863
         "0x546f0f36"
         "maelstrom.workload.echo$client$reify__16863@546f0f36"]
 :barrier
 #object[java.util.concurrent.CyclicBarrier
         "0x44d5a0a8"
         "java.util.concurrent.CyclicBarrier@44d5a0a8"]
 :log-stderr false
 :pure-generators true
 :ssh {:dummy? true}
 :rate 5
 :checker
 #object[jepsen.checker$compose$reify__11881
         "0x35d128fd"
         "jepsen.checker$compose$reify__11881@35d128fd"]
 :argv
 ("test"
  "-w"
  "echo"
  "--bin"
  "./maelstrom-echo"
  "--node-count"
  "1"
  "--time-limit"
  "10")
 :nemesis
 (jepsen.nemesis.ReflCompose
  {:fm {:start-partition 0,
        :stop-partition 0,
        :kill 1,
        :start 1,
        :pause 1,
        :resume 1},
   :nemeses [#unprintable "jepsen.nemesis.combined$partition_nemesis$reify__16416@39a809db"
             #unprintable "jepsen.nemesis.combined$db_nemesis$reify__16397@1512a767"]})
 :nodes ["n0"]
 :test-count 1
 :latency {:mean 0, :dist :constant}
 :bin "./maelstrom-echo"
 :generator
 (jepsen.generator.TimeLimit
  {:limit 10000000000,
   :cutoff nil,
   :gen (jepsen.generator.Any
         {:gens [(jepsen.generator.OnThreads
                  {:f #{:nemesis},
                   :context-filter #object[jepsen.generator.context$make_thread_filter$lazy_filter__9167
                                           "0x5cdb7b"
                                           "jepsen.generator.context$make_thread_filter$lazy_filter__9167@5cdb7b"],
                   :gen nil})
                 (jepsen.generator.OnThreads
                  {:f #jepsen.generator.context.AllBut{:element :nemesis},
                   :context-filter #object[jepsen.generator.context$make_thread_filter$lazy_filter__9167
                                           "0x3dcc59f5"
                                           "jepsen.generator.context$make_thread_filter$lazy_filter__9167@3dcc59f5"],
                   :gen (jepsen.generator.Stagger
                         {:dt 400000000,
                          :next-time nil,
                          :gen (jepsen.generator.EachThread
                                {:fresh-gen #object[maelstrom.workload.echo$workload$fn__16882
                                                    "0x16b1dee7"
                                                    "maelstrom.workload.echo$workload$fn__16882@16b1dee7"],
                                 :context-filters #object[clojure.core$promise$reify__8591
                                                          "0x690337df"
                                                          {:status :pending,
                                                           :val nil}],
                                 :gens {}})})})]})})
 :log-net-recv false
 :os
 #object[maelstrom.net$jepsen_os$reify__15254
         "0xf62ae87"
         "maelstrom.net$jepsen_os$reify__15254@f62ae87"]
 :time-limit 10
 :workload :echo
 :consistency-models [:strict-serializable]
 :topology :grid}

2025-05-07 19:58:33,718{GMT}	INFO	[jepsen node n0] maelstrom.net: Starting Maelstrom network
2025-05-07 19:58:33,719{GMT}	INFO	[jepsen test runner] jepsen.db: Tearing down DB
2025-05-07 19:58:33,720{GMT}	INFO	[jepsen test runner] jepsen.db: Setting up DB
2025-05-07 19:58:33,721{GMT}	INFO	[jepsen node n0] maelstrom.service: Starting services: (lin-kv lin-tso lww-kv seq-kv)
2025-05-07 19:58:33,722{GMT}	INFO	[jepsen node n0] maelstrom.db: Setting up n0
2025-05-07 19:58:33,722{GMT}	INFO	[jepsen node n0] maelstrom.process: launching ./maelstrom-echo []
2025-05-07 19:58:34,730{GMT}	INFO	[jepsen node n0] maelstrom.net: Shutting down Maelstrom network
2025-05-07 19:58:34,733{GMT}	WARN	[jepsen test runner] jepsen.core: Test crashed!
java.io.IOException: Cannot run program "/Users/davidriva/Desktop/Coding-Projects/Distributed-Systems-in-Go/maelstrom-echo" (in directory "/var/folders/fj/qkmnhybx3l73rv375khm9_p80000gn/T"): error=13, Permission denied
	at java.base/java.lang.ProcessBuilder.start(ProcessBuilder.java:1170)
	at java.base/java.lang.ProcessBuilder.start(ProcessBuilder.java:1089)
	at maelstrom.process$start_node_BANG_.invokeStatic(process.clj:199)
	at maelstrom.process$start_node_BANG_.invoke(process.clj:168)
	at maelstrom.db$db$reify__16142.setup_BANG_(db.clj:34)
	at jepsen.db$fn__8729$G__8723__8733.invoke(db.clj:12)
	at jepsen.db$fn__8729$G__8722__8738.invoke(db.clj:12)
	at clojure.core$partial$fn__5908.invoke(core.clj:2642)
	at jepsen.control$on_nodes$fn__8599.invoke(control.clj:314)
	at clojure.lang.AFn.applyToHelper(AFn.java:154)
	at clojure.lang.AFn.applyTo(AFn.java:144)
	at clojure.core$apply.invokeStatic(core.clj:667)
	at clojure.core$with_bindings_STAR_.invokeStatic(core.clj:1990)
	at clojure.core$with_bindings_STAR_.doInvoke(core.clj:1990)
	at clojure.lang.RestFn.applyTo(RestFn.java:142)
	at clojure.core$apply.invokeStatic(core.clj:671)
	at clojure.core$bound_fn_STAR_$fn__5818.doInvoke(core.clj:2020)
	at clojure.lang.RestFn.invoke(RestFn.java:408)
	at dom_top.core$real_pmap_helper$build_thread__211$fn__212.invoke(core.clj:163)
	at clojure.lang.AFn.applyToHelper(AFn.java:152)
	at clojure.lang.AFn.applyTo(AFn.java:144)
	at clojure.core$apply.invokeStatic(core.clj:667)
	at clojure.core$with_bindings_STAR_.invokeStatic(core.clj:1990)
	at clojure.core$with_bindings_STAR_.doInvoke(core.clj:1990)
	at clojure.lang.RestFn.invoke(RestFn.java:425)
	at clojure.lang.AFn.applyToHelper(AFn.java:156)
	at clojure.lang.RestFn.applyTo(RestFn.java:132)
	at clojure.core$apply.invokeStatic(core.clj:671)
	at clojure.core$bound_fn_STAR_$fn__5818.doInvoke(core.clj:2020)
	at clojure.lang.RestFn.invoke(RestFn.java:397)
	at clojure.lang.AFn.run(AFn.java:22)
	at java.base/java.lang.Thread.run(Thread.java:1575)
Caused by: java.io.IOException: error=13, Permission denied
	at java.base/java.lang.ProcessImpl.forkAndExec(Native Method)
	at java.base/java.lang.ProcessImpl.<init>(ProcessImpl.java:295)
	at java.base/java.lang.ProcessImpl.start(ProcessImpl.java:225)
	at java.base/java.lang.ProcessBuilder.start(ProcessBuilder.java:1126)
	... 31 common frames omitted
